# JRE version: Java(TM) SE Runtime Environment (8.0_251-b08) (build 1.8.0_251-b08)
# Java VM: Java HotSpot(TM) 64-Bit Server VM (25.251-b08 mixed mode windows-amd64 compressed oops)
Heap:
 PSYoungGen      total 328704K, used 85232K [0x00000000d5b80000, 0x00000000eb800000, 0x0000000100000000)
  eden space 326656K, 26% used [0x00000000d5b80000,0x00000000daebc038,0x00000000e9a80000)
  from space 2048K, 0% used [0x00000000eb600000,0x00000000eb600000,0x00000000eb800000)
  to   space 12800K, 0% used [0x00000000e9f00000,0x00000000e9f00000,0x00000000eab80000)
 ParOldGen       total 69120K, used 14089K [0x0000000081200000, 0x0000000085580000, 0x00000000d5b80000)
  object space 69120K, 20% used [0x0000000081200000,0x0000000081fc2518,0x0000000085580000)
 Metaspace       used 38557K, capacity 41052K, committed 41304K, reserved 1087488K
  class space    used 5281K, capacity 5743K, committed 5760K, reserved 1048576K
GC Heap History (10 events):
Event: 6.428 GC heap before
{Heap before GC invocations=9 (full 1):
 PSYoungGen      total 141824K, used 141810K [0x00000000d5b80000, 0x00000000e5780000, 0x0000000100000000)
  eden space 133120K, 100% used [0x00000000d5b80000,0x00000000ddd80000,0x00000000ddd80000)
  from space 8704K, 99% used [0x00000000ddd80000,0x00000000de5fcb00,0x00000000de600000)
  to   space 10240K, 0% used [0x00000000e4d80000,0x00000000e4d80000,0x00000000e5780000)
 ParOldGen       total 49152K, used 7984K [0x0000000081200000, 0x0000000084200000, 0x00000000d5b80000)
  object space 49152K, 16% used [0x0000000081200000,0x00000000819cc320,0x0000000084200000)
 Metaspace       used 31560K, capacity 33310K, committed 33664K, reserved 1079296K
  class space    used 4309K, capacity 4637K, committed 4736K, reserved 1048576K
Event: 6.447 GC heap after
Heap after GC invocations=9 (full 1):
 PSYoungGen      total 244224K, used 10238K [0x00000000d5b80000, 0x00000000e5800000, 0x0000000100000000)
  eden space 233984K, 0% used [0x00000000d5b80000,0x00000000d5b80000,0x00000000e4000000)
  from space 10240K, 99% used [0x00000000e4d80000,0x00000000e577fad0,0x00000000e5780000)
  to   space 12288K, 0% used [0x00000000e4000000,0x00000000e4000000,0x00000000e4c00000)
 ParOldGen       total 49152K, used 9611K [0x0000000081200000, 0x0000000084200000, 0x00000000d5b80000)
  object space 49152K, 19% used [0x0000000081200000,0x0000000081b62f30,0x0000000084200000)
 Metaspace       used 31560K, capacity 33310K, committed 33664K, reserved 1079296K
  class space    used 4309K, capacity 4637K, committed 4736K, reserved 1048576K
}
Event: 6.700 GC heap before
{Heap before GC invocations=10 (full 1):
 PSYoungGen      total 244224K, used 43969K [0x00000000d5b80000, 0x00000000e5800000, 0x0000000100000000)
  eden space 233984K, 14% used [0x00000000d5b80000,0x00000000d7c70c08,0x00000000e4000000)
  from space 10240K, 99% used [0x00000000e4d80000,0x00000000e577fad0,0x00000000e5780000)
  to   space 12288K, 0% used [0x00000000e4000000,0x00000000e4000000,0x00000000e4c00000)
 ParOldGen       total 49152K, used 9611K [0x0000000081200000, 0x0000000084200000, 0x00000000d5b80000)
  object space 49152K, 19% used [0x0000000081200000,0x0000000081b62f30,0x0000000084200000)
 Metaspace       used 33519K, capacity 35368K, committed 35416K, reserved 1079296K
  class space    used 4593K, capacity 4962K, committed 4992K, reserved 1048576K
Event: 6.713 GC heap after
Heap after GC invocations=10 (full 1):
 PSYoungGen      total 246272K, used 8728K [0x00000000d5b80000, 0x00000000ec200000, 0x0000000100000000)
  eden space 233984K, 0% used [0x00000000d5b80000,0x00000000d5b80000,0x00000000e4000000)
  from space 12288K, 71% used [0x00000000e4000000,0x00000000e4886308,0x00000000e4c00000)
  to   space 12288K, 0% used [0x00000000eb600000,0x00000000eb600000,0x00000000ec200000)
 ParOldGen       total 49152K, used 9619K [0x0000000081200000, 0x0000000084200000, 0x00000000d5b80000)
  object space 49152K, 19% used [0x0000000081200000,0x0000000081b64f30,0x0000000084200000)
 Metaspace       used 33519K, capacity 35368K, committed 35416K, reserved 1079296K
  class space    used 4593K, capacity 4962K, committed 4992K, reserved 1048576K
}
Event: 6.713 GC heap before
{Heap before GC invocations=11 (full 2):
 PSYoungGen      total 246272K, used 8728K [0x00000000d5b80000, 0x00000000ec200000, 0x0000000100000000)
  eden space 233984K, 0% used [0x00000000d5b80000,0x00000000d5b80000,0x00000000e4000000)
  from space 12288K, 71% used [0x00000000e4000000,0x00000000e4886308,0x00000000e4c00000)
  to   space 12288K, 0% used [0x00000000eb600000,0x00000000eb600000,0x00000000ec200000)
 ParOldGen       total 49152K, used 9619K [0x0000000081200000, 0x0000000084200000, 0x00000000d5b80000)
  object space 49152K, 19% used [0x0000000081200000,0x0000000081b64f30,0x0000000084200000)
 Metaspace       used 33519K, capacity 35368K, committed 35416K, reserved 1079296K
  class space    used 4593K, capacity 4962K, committed 4992K, reserved 1048576K
Event: 6.776 GC heap after
Heap after GC invocations=11 (full 2):
 PSYoungGen      total 246272K, used 0K [0x00000000d5b80000, 0x00000000ec200000, 0x0000000100000000)
  eden space 233984K, 0% used [0x00000000d5b80000,0x00000000d5b80000,0x00000000e4000000)
  from space 12288K, 0% used [0x00000000e4000000,0x00000000e4000000,0x00000000e4c00000)
  to   space 12288K, 0% used [0x00000000eb600000,0x00000000eb600000,0x00000000ec200000)
 ParOldGen       total 69120K, used 14228K [0x0000000081200000, 0x0000000085580000, 0x00000000d5b80000)
  object space 69120K, 20% used [0x0000000081200000,0x0000000081fe5100,0x0000000085580000)
 Metaspace       used 33519K, capacity 35368K, committed 35416K, reserved 1079296K
  class space    used 4593K, capacity 4962K, committed 4992K, reserved 1048576K
}
Event: 6.896 GC heap before
{Heap before GC invocations=12 (full 2):
 PSYoungGen      total 246272K, used 18855K [0x00000000d5b80000, 0x00000000ec200000, 0x0000000100000000)
  eden space 233984K, 8% used [0x00000000d5b80000,0x00000000d6de9fa0,0x00000000e4000000)
  from space 12288K, 0% used [0x00000000e4000000,0x00000000e4000000,0x00000000e4c00000)
  to   space 12288K, 0% used [0x00000000eb600000,0x00000000eb600000,0x00000000ec200000)
 ParOldGen       total 69120K, used 14228K [0x0000000081200000, 0x0000000085580000, 0x00000000d5b80000)
  object space 69120K, 20% used [0x0000000081200000,0x0000000081fe5100,0x0000000085580000)
 Metaspace       used 34935K, capacity 36852K, committed 36952K, reserved 1085440K
  class space    used 4789K, capacity 5166K, committed 5248K, reserved 1048576K
Event: 6.900 GC heap after
Heap after GC invocations=12 (full 2):
 PSYoungGen      total 328704K, used 1609K [0x00000000d5b80000, 0x00000000eb800000, 0x0000000100000000)
  eden space 326656K, 0% used [0x00000000d5b80000,0x00000000d5b80000,0x00000000e9a80000)
  from space 2048K, 78% used [0x00000000eb600000,0x00000000eb792580,0x00000000eb800000)
  to   space 12800K, 0% used [0x00000000e9f00000,0x00000000e9f00000,0x00000000eab80000)
 ParOldGen       total 69120K, used 14236K [0x0000000081200000, 0x0000000085580000, 0x00000000d5b80000)
  object space 69120K, 20% used [0x0000000081200000,0x0000000081fe7100,0x0000000085580000)
 Metaspace       used 34935K, capacity 36852K, committed 36952K, reserved 1085440K
  class space    used 4789K, capacity 5166K, committed 5248K, reserved 1048576K
}
Event: 6.900 GC heap before
{Heap before GC invocations=13 (full 3):
 PSYoungGen      total 328704K, used 1609K [0x00000000d5b80000, 0x00000000eb800000, 0x0000000100000000)
  eden space 326656K, 0% used [0x00000000d5b80000,0x00000000d5b80000,0x00000000e9a80000)
  from space 2048K, 78% used [0x00000000eb600000,0x00000000eb792580,0x00000000eb800000)
  to   space 12800K, 0% used [0x00000000e9f00000,0x00000000e9f00000,0x00000000eab80000)
 ParOldGen       total 69120K, used 14236K [0x0000000081200000, 0x0000000085580000, 0x00000000d5b80000)
  object space 69120K, 20% used [0x0000000081200000,0x0000000081fe7100,0x0000000085580000)
 Metaspace       used 34935K, capacity 36852K, committed 36952K, reserved 1085440K
  class space    used 4789K, capacity 5166K, committed 5248K, reserved 1048576K
Event: 7.085 GC heap after
Heap after GC invocations=13 (full 3):
 PSYoungGen      total 328704K, used 0K [0x00000000d5b80000, 0x00000000eb800000, 0x0000000100000000)
  eden space 326656K, 0% used [0x00000000d5b80000,0x00000000d5b80000,0x00000000e9a80000)
  from space 2048K, 0% used [0x00000000eb600000,0x00000000eb600000,0x00000000eb800000)
  to   space 12800K, 0% used [0x00000000e9f00000,0x00000000e9f00000,0x00000000eab80000)
 ParOldGen       total 69120K, used 14089K [0x0000000081200000, 0x0000000085580000, 0x00000000d5b80000)
  object space 69120K, 20% used [0x0000000081200000,0x0000000081fc2518,0x0000000085580000)
 Metaspace       used 34935K, capacity 36852K, committed 36952K, reserved 1083392K
  class space    used 4789K, capacity 5166K, committed 5248K, reserved 1048576K
}

